<?xml version="1.0" encoding="UTF-8"?>
<testsuite name="promise.commonsapp.ExampleUnitTest" tests="1" skipped="0" failures="0" errors="0" timestamp="2019-08-28T05:08:57" hostname="t470s" time="0.002">
  <properties/>
  <testcase name="addition_isCorrect" classname="promise.commonsapp.ExampleUnitTest" time="0.002"/>
  <system-out><![CDATA[]]></system-out>
  <system-err><![CDATA[]]></system-err>
</testsuite>
